<?xml version="1.0" encoding="UTF-8"?>
<testsuite xmlns:xsi="http://www.w3.org/2001/XMLSchema-instance" xsi:noNamespaceSchemaLocation="https://maven.apache.org/surefire/maven-surefire-plugin/xsd/surefire-test-report.xsd" name="TestSuite" time="143.668" tests="17" errors="0" skipped="0" failures="2">
  <properties>
    <property name="sun.desktop" value="windows"/>
    <property name="awt.toolkit" value="sun.awt.windows.WToolkit"/>
    <property name="java.specification.version" value="11"/>
    <property name="sun.cpu.isalist" value="amd64"/>
    <property name="sun.jnu.encoding" value="Cp1252"/>
    <property name="java.class.path" value="C:\Users\AlfredoNatividad\.m2\repository\org\apache\maven\surefire\surefire-booter\2.21.0\surefire-booter-2.21.0.jar;C:\Users\AlfredoNatividad\.m2\repository\org\apache\maven\surefire\surefire-api\2.21.0\surefire-api-2.21.0.jar;C:\Users\AlfredoNatividad\.m2\repository\org\apache\maven\surefire\surefire-logger-api\2.21.0\surefire-logger-api-2.21.0.jar;C:\Alfredo\PQA\Platorun\Platorun-Java-V1.0\target\test-classes;C:\Alfredo\PQA\Platorun\Platorun-Java-V1.0\target\classes;C:\Users\AlfredoNatividad\.m2\repository\io\appium\java-client\7.4.1\java-client-7.4.1.jar;C:\Users\AlfredoNatividad\.m2\repository\org\seleniumhq\selenium\selenium-support\3.141.59\selenium-support-3.141.59.jar;C:\Users\AlfredoNatividad\.m2\repository\org\seleniumhq\selenium\selenium-api\3.141.59\selenium-api-3.141.59.jar;C:\Users\AlfredoNatividad\.m2\repository\com\google\code\gson\gson\2.8.6\gson-2.8.6.jar;C:\Users\AlfredoNatividad\.m2\repository\org\apache\httpcomponents\httpclient\4.5.13\httpclient-4.5.13.jar;C:\Users\AlfredoNatividad\.m2\repository\org\apache\httpcomponents\httpcore\4.4.13\httpcore-4.4.13.jar;C:\Users\AlfredoNatividad\.m2\repository\commons-logging\commons-logging\1.2\commons-logging-1.2.jar;C:\Users\AlfredoNatividad\.m2\repository\commons-codec\commons-codec\1.11\commons-codec-1.11.jar;C:\Users\AlfredoNatividad\.m2\repository\cglib\cglib\3.3.0\cglib-3.3.0.jar;C:\Users\AlfredoNatividad\.m2\repository\org\ow2\asm\asm\7.1\asm-7.1.jar;C:\Users\AlfredoNatividad\.m2\repository\commons-validator\commons-validator\1.7\commons-validator-1.7.jar;C:\Users\AlfredoNatividad\.m2\repository\commons-beanutils\commons-beanutils\1.9.4\commons-beanutils-1.9.4.jar;C:\Users\AlfredoNatividad\.m2\repository\commons-digester\commons-digester\2.1\commons-digester-2.1.jar;C:\Users\AlfredoNatividad\.m2\repository\commons-collections\commons-collections\3.2.2\commons-collections-3.2.2.jar;C:\Users\AlfredoNatividad\.m2\repository\org\apache\commons\commons-lang3\3.11\commons-lang3-3.11.jar;C:\Users\AlfredoNatividad\.m2\repository\commons-io\commons-io\2.8.0\commons-io-2.8.0.jar;C:\Users\AlfredoNatividad\.m2\repository\org\springframework\spring-context\5.3.1\spring-context-5.3.1.jar;C:\Users\AlfredoNatividad\.m2\repository\org\springframework\spring-aop\5.3.1\spring-aop-5.3.1.jar;C:\Users\AlfredoNatividad\.m2\repository\org\springframework\spring-beans\5.3.1\spring-beans-5.3.1.jar;C:\Users\AlfredoNatividad\.m2\repository\org\springframework\spring-core\5.3.1\spring-core-5.3.1.jar;C:\Users\AlfredoNatividad\.m2\repository\org\springframework\spring-jcl\5.3.1\spring-jcl-5.3.1.jar;C:\Users\AlfredoNatividad\.m2\repository\org\springframework\spring-expression\5.3.1\spring-expression-5.3.1.jar;C:\Users\AlfredoNatividad\.m2\repository\org\aspectj\aspectjweaver\1.9.6\aspectjweaver-1.9.6.jar;C:\Users\AlfredoNatividad\.m2\repository\org\slf4j\slf4j-api\1.7.30\slf4j-api-1.7.30.jar;C:\Users\AlfredoNatividad\.m2\repository\org\testng\testng\6.8\testng-6.8.jar;C:\Users\AlfredoNatividad\.m2\repository\junit\junit\4.10\junit-4.10.jar;C:\Users\AlfredoNatividad\.m2\repository\org\hamcrest\hamcrest-core\1.1\hamcrest-core-1.1.jar;C:\Users\AlfredoNatividad\.m2\repository\org\beanshell\bsh\2.0b4\bsh-2.0b4.jar;C:\Users\AlfredoNatividad\.m2\repository\com\beust\jcommander\1.27\jcommander-1.27.jar;C:\Users\AlfredoNatividad\.m2\repository\com\googlecode\json-simple\json-simple\1.1.1\json-simple-1.1.1.jar;C:\Users\AlfredoNatividad\.m2\repository\io\cucumber\cucumber-java\7.11.0\cucumber-java-7.11.0.jar;C:\Users\AlfredoNatividad\.m2\repository\org\apiguardian\apiguardian-api\1.1.2\apiguardian-api-1.1.2.jar;C:\Users\AlfredoNatividad\.m2\repository\io\cucumber\cucumber-picocontainer\7.11.0\cucumber-picocontainer-7.11.0.jar;C:\Users\AlfredoNatividad\.m2\repository\org\picocontainer\picocontainer\2.15\picocontainer-2.15.jar;C:\Users\AlfredoNatividad\.m2\repository\io\cucumber\cucumber-core\7.11.0\cucumber-core-7.11.0.jar;C:\Users\AlfredoNatividad\.m2\repository\io\cucumber\cucumber-gherkin\7.11.0\cucumber-gherkin-7.11.0.jar;C:\Users\AlfredoNatividad\.m2\repository\io\cucumber\cucumber-gherkin-messages\7.11.0\cucumber-gherkin-messages-7.11.0.jar;C:\Users\AlfredoNatividad\.m2\repository\io\cucumber\messages\21.0.1\messages-21.0.1.jar;C:\Users\AlfredoNatividad\.m2\repository\io\cucumber\tag-expressions\5.0.1\tag-expressions-5.0.1.jar;C:\Users\AlfredoNatividad\.m2\repository\io\cucumber\cucumber-expressions\16.1.1\cucumber-expressions-16.1.1.jar;C:\Users\AlfredoNatividad\.m2\repository\io\cucumber\datatable\7.11.0\datatable-7.11.0.jar;C:\Users\AlfredoNatividad\.m2\repository\io\cucumber\cucumber-plugin\7.11.0\cucumber-plugin-7.11.0.jar;C:\Users\AlfredoNatividad\.m2\repository\io\cucumber\docstring\7.11.0\docstring-7.11.0.jar;C:\Users\AlfredoNatividad\.m2\repository\io\cucumber\html-formatter\20.2.1\html-formatter-20.2.1.jar;C:\Users\AlfredoNatividad\.m2\repository\io\cucumber\junit-xml-formatter\0.1.0\junit-xml-formatter-0.1.0.jar;C:\Users\AlfredoNatividad\.m2\repository\io\cucumber\ci-environment\9.1.0\ci-environment-9.1.0.jar;C:\Users\AlfredoNatividad\.m2\repository\io\cucumber\gherkin\26.0.3\gherkin-26.0.3.jar;C:\Users\AlfredoNatividad\.m2\repository\io\cucumber\cucumber-testng\7.11.0\cucumber-testng-7.11.0.jar;C:\Users\AlfredoNatividad\.m2\repository\tech\grasshopper\extentreports-cucumber7-adapter\1.9.2\extentreports-cucumber7-adapter-1.9.2.jar;C:\Users\AlfredoNatividad\.m2\repository\com\aventstack\extentreports\5.0.9\extentreports-5.0.9.jar;C:\Users\AlfredoNatividad\.m2\repository\io\reactivex\rxjava3\rxjava\3.0.4\rxjava-3.0.4.jar;C:\Users\AlfredoNatividad\.m2\repository\org\reactivestreams\reactive-streams\1.0.3\reactive-streams-1.0.3.jar;C:\Users\AlfredoNatividad\.m2\repository\org\freemarker\freemarker\2.3.30\freemarker-2.3.30.jar;C:\Users\AlfredoNatividad\.m2\repository\org\projectlombok\lombok\1.18.12\lombok-1.18.12.jar;C:\Users\AlfredoNatividad\.m2\repository\tech\grasshopper\extent-pdf-report\2.9.1\extent-pdf-report-2.9.1.jar;C:\Users\AlfredoNatividad\.m2\repository\tech\grasshopper\cucumber-pdf-report\2.11.1\cucumber-pdf-report-2.11.1.jar;C:\Users\AlfredoNatividad\.m2\repository\org\apache\pdfbox\pdfbox\2.0.26\pdfbox-2.0.26.jar;C:\Users\AlfredoNatividad\.m2\repository\org\apache\pdfbox\fontbox\2.0.26\fontbox-2.0.26.jar;C:\Users\AlfredoNatividad\.m2\repository\org\knowm\xchart\xchart\3.8.0\xchart-3.8.0.jar;C:\Users\AlfredoNatividad\.m2\repository\de\erichseifert\vectorgraphics2d\VectorGraphics2D\0.13\VectorGraphics2D-0.13.jar;C:\Users\AlfredoNatividad\.m2\repository\de\rototor\pdfbox\graphics2d\0.30\graphics2d-0.30.jar;C:\Users\AlfredoNatividad\.m2\repository\com\madgag\animated-gif-lib\1.4\animated-gif-lib-1.4.jar;C:\Users\AlfredoNatividad\.m2\repository\tech\grasshopper\table-layout\1.5.1\table-layout-1.5.1.jar;C:\Users\AlfredoNatividad\.m2\repository\tech\grasshopper\rest-assured-cucumber-pdf-report\1.4.1\rest-assured-cucumber-pdf-report-1.4.1.jar;C:\Users\AlfredoNatividad\.m2\repository\org\jsoup\jsoup\1.15.3\jsoup-1.15.3.jar;C:\Users\AlfredoNatividad\.m2\repository\com\aventstack\klov-reporter\5.0.9\klov-reporter-5.0.9.jar;C:\Users\AlfredoNatividad\.m2\repository\org\mongodb\mongodb-driver\3.6.4\mongodb-driver-3.6.4.jar;C:\Users\AlfredoNatividad\.m2\repository\org\mongodb\mongodb-driver-core\3.6.4\mongodb-driver-core-3.6.4.jar;C:\Users\AlfredoNatividad\.m2\repository\org\mongodb\bson\3.6.4\bson-3.6.4.jar;C:\Users\AlfredoNatividad\.m2\repository\tech\grasshopper\htmlextentreporter\1.0.1\htmlextentreporter-1.0.1.jar;C:\Users\AlfredoNatividad\.m2\repository\org\yaml\snakeyaml\1.27\snakeyaml-1.27.jar;C:\Users\AlfredoNatividad\.m2\repository\io\rest-assured\rest-assured\5.3.0\rest-assured-5.3.0.jar;C:\Users\AlfredoNatividad\.m2\repository\org\apache\groovy\groovy\4.0.6\groovy-4.0.6.jar;C:\Users\AlfredoNatividad\.m2\repository\org\apache\groovy\groovy-xml\4.0.6\groovy-xml-4.0.6.jar;C:\Users\AlfredoNatividad\.m2\repository\org\apache\httpcomponents\httpmime\4.5.13\httpmime-4.5.13.jar;C:\Users\AlfredoNatividad\.m2\repository\org\hamcrest\hamcrest\2.1\hamcrest-2.1.jar;C:\Users\AlfredoNatividad\.m2\repository\org\ccil\cowan\tagsoup\tagsoup\1.2.1\tagsoup-1.2.1.jar;C:\Users\AlfredoNatividad\.m2\repository\io\rest-assured\json-path\5.3.0\json-path-5.3.0.jar;C:\Users\AlfredoNatividad\.m2\repository\org\apache\groovy\groovy-json\4.0.6\groovy-json-4.0.6.jar;C:\Users\AlfredoNatividad\.m2\repository\io\rest-assured\rest-assured-common\5.3.0\rest-assured-common-5.3.0.jar;C:\Users\AlfredoNatividad\.m2\repository\io\rest-assured\xml-path\5.3.0\xml-path-5.3.0.jar;C:\Users\AlfredoNatividad\.m2\repository\org\seleniumhq\selenium\selenium-firefox-driver\3.141.59\selenium-firefox-driver-3.141.59.jar;C:\Users\AlfredoNatividad\.m2\repository\org\seleniumhq\selenium\selenium-remote-driver\3.141.59\selenium-remote-driver-3.141.59.jar;C:\Users\AlfredoNatividad\.m2\repository\net\bytebuddy\byte-buddy\1.8.15\byte-buddy-1.8.15.jar;C:\Users\AlfredoNatividad\.m2\repository\org\apache\commons\commons-exec\1.3\commons-exec-1.3.jar;C:\Users\AlfredoNatividad\.m2\repository\com\google\guava\guava\25.0-jre\guava-25.0-jre.jar;C:\Users\AlfredoNatividad\.m2\repository\com\google\code\findbugs\jsr305\1.3.9\jsr305-1.3.9.jar;C:\Users\AlfredoNatividad\.m2\repository\org\checkerframework\checker-compat-qual\2.0.0\checker-compat-qual-2.0.0.jar;C:\Users\AlfredoNatividad\.m2\repository\com\google\errorprone\error_prone_annotations\2.1.3\error_prone_annotations-2.1.3.jar;C:\Users\AlfredoNatividad\.m2\repository\com\google\j2objc\j2objc-annotations\1.1\j2objc-annotations-1.1.jar;C:\Users\AlfredoNatividad\.m2\repository\org\codehaus\mojo\animal-sniffer-annotations\1.14\animal-sniffer-annotations-1.14.jar;C:\Users\AlfredoNatividad\.m2\repository\com\squareup\okhttp3\okhttp\3.11.0\okhttp-3.11.0.jar;C:\Users\AlfredoNatividad\.m2\repository\com\squareup\okio\okio\1.14.0\okio-1.14.0.jar;C:\Users\AlfredoNatividad\.m2\repository\org\seleniumhq\selenium\selenium-java\3.141.59\selenium-java-3.141.59.jar;C:\Users\AlfredoNatividad\.m2\repository\org\seleniumhq\selenium\selenium-chrome-driver\3.141.59\selenium-chrome-driver-3.141.59.jar;C:\Users\AlfredoNatividad\.m2\repository\org\seleniumhq\selenium\selenium-edge-driver\3.141.59\selenium-edge-driver-3.141.59.jar;C:\Users\AlfredoNatividad\.m2\repository\org\seleniumhq\selenium\selenium-ie-driver\3.141.59\selenium-ie-driver-3.141.59.jar;C:\Users\AlfredoNatividad\.m2\repository\org\seleniumhq\selenium\selenium-opera-driver\3.141.59\selenium-opera-driver-3.141.59.jar;C:\Users\AlfredoNatividad\.m2\repository\org\seleniumhq\selenium\selenium-safari-driver\3.141.59\selenium-safari-driver-3.141.59.jar;C:\Users\AlfredoNatividad\.m2\repository\com\mysql\mysql-connector-j\8.0.32\mysql-connector-j-8.0.32.jar;C:\Users\AlfredoNatividad\.m2\repository\com\microsoft\sqlserver\mssql-jdbc\12.2.0.jre11\mssql-jdbc-12.2.0.jre11.jar;C:\Users\AlfredoNatividad\.m2\repository\org\apache\maven\surefire\surefire-testng-utils\2.21.0\surefire-testng-utils-2.21.0.jar;C:\Users\AlfredoNatividad\.m2\repository\org\apache\maven\surefire\surefire-grouper\2.21.0\surefire-grouper-2.21.0.jar;C:\Users\AlfredoNatividad\.m2\repository\org\apache\maven\surefire\surefire-testng\2.21.0\surefire-testng-2.21.0.jar;C:\Users\AlfredoNatividad\.m2\repository\org\apache\maven\surefire\common-java5\2.21.0\common-java5-2.21.0.jar"/>
    <property name="java.vm.vendor" value="Oracle Corporation"/>
    <property name="sun.arch.data.model" value="64"/>
    <property name="user.variant" value=""/>
    <property name="java.vendor.url" value="https://openjdk.java.net/"/>
    <property name="user.timezone" value=""/>
    <property name="java.vm.specification.version" value="11"/>
    <property name="os.name" value="Windows 10"/>
    <property name="sun.java.launcher" value="SUN_STANDARD"/>
    <property name="user.country" value="CA"/>
    <property name="sun.boot.library.path" value="C:\Program Files\Java\jdk-11.0.16.1\bin"/>
    <property name="sun.java.command" value="org.apache.maven.surefire.booter.ForkedBooter C:\Users\AlfredoNatividad\AppData\Local\Temp\surefire15595740975480781475 2023-12-07T15-53-51_131-jvmRun1 surefire883623388587899434tmp surefire_06375238694522091910tmp"/>
    <property name="jdk.debug" value="release"/>
    <property name="surefire.test.class.path" value="C:\Alfredo\PQA\Platorun\Platorun-Java-V1.0\target\test-classes;C:\Alfredo\PQA\Platorun\Platorun-Java-V1.0\target\classes;C:\Users\AlfredoNatividad\.m2\repository\io\appium\java-client\7.4.1\java-client-7.4.1.jar;C:\Users\AlfredoNatividad\.m2\repository\org\seleniumhq\selenium\selenium-support\3.141.59\selenium-support-3.141.59.jar;C:\Users\AlfredoNatividad\.m2\repository\org\seleniumhq\selenium\selenium-api\3.141.59\selenium-api-3.141.59.jar;C:\Users\AlfredoNatividad\.m2\repository\com\google\code\gson\gson\2.8.6\gson-2.8.6.jar;C:\Users\AlfredoNatividad\.m2\repository\org\apache\httpcomponents\httpclient\4.5.13\httpclient-4.5.13.jar;C:\Users\AlfredoNatividad\.m2\repository\org\apache\httpcomponents\httpcore\4.4.13\httpcore-4.4.13.jar;C:\Users\AlfredoNatividad\.m2\repository\commons-logging\commons-logging\1.2\commons-logging-1.2.jar;C:\Users\AlfredoNatividad\.m2\repository\commons-codec\commons-codec\1.11\commons-codec-1.11.jar;C:\Users\AlfredoNatividad\.m2\repository\cglib\cglib\3.3.0\cglib-3.3.0.jar;C:\Users\AlfredoNatividad\.m2\repository\org\ow2\asm\asm\7.1\asm-7.1.jar;C:\Users\AlfredoNatividad\.m2\repository\commons-validator\commons-validator\1.7\commons-validator-1.7.jar;C:\Users\AlfredoNatividad\.m2\repository\commons-beanutils\commons-beanutils\1.9.4\commons-beanutils-1.9.4.jar;C:\Users\AlfredoNatividad\.m2\repository\commons-digester\commons-digester\2.1\commons-digester-2.1.jar;C:\Users\AlfredoNatividad\.m2\repository\commons-collections\commons-collections\3.2.2\commons-collections-3.2.2.jar;C:\Users\AlfredoNatividad\.m2\repository\org\apache\commons\commons-lang3\3.11\commons-lang3-3.11.jar;C:\Users\AlfredoNatividad\.m2\repository\commons-io\commons-io\2.8.0\commons-io-2.8.0.jar;C:\Users\AlfredoNatividad\.m2\repository\org\springframework\spring-context\5.3.1\spring-context-5.3.1.jar;C:\Users\AlfredoNatividad\.m2\repository\org\springframework\spring-aop\5.3.1\spring-aop-5.3.1.jar;C:\Users\AlfredoNatividad\.m2\repository\org\springframework\spring-beans\5.3.1\spring-beans-5.3.1.jar;C:\Users\AlfredoNatividad\.m2\repository\org\springframework\spring-core\5.3.1\spring-core-5.3.1.jar;C:\Users\AlfredoNatividad\.m2\repository\org\springframework\spring-jcl\5.3.1\spring-jcl-5.3.1.jar;C:\Users\AlfredoNatividad\.m2\repository\org\springframework\spring-expression\5.3.1\spring-expression-5.3.1.jar;C:\Users\AlfredoNatividad\.m2\repository\org\aspectj\aspectjweaver\1.9.6\aspectjweaver-1.9.6.jar;C:\Users\AlfredoNatividad\.m2\repository\org\slf4j\slf4j-api\1.7.30\slf4j-api-1.7.30.jar;C:\Users\AlfredoNatividad\.m2\repository\org\testng\testng\6.8\testng-6.8.jar;C:\Users\AlfredoNatividad\.m2\repository\junit\junit\4.10\junit-4.10.jar;C:\Users\AlfredoNatividad\.m2\repository\org\hamcrest\hamcrest-core\1.1\hamcrest-core-1.1.jar;C:\Users\AlfredoNatividad\.m2\repository\org\beanshell\bsh\2.0b4\bsh-2.0b4.jar;C:\Users\AlfredoNatividad\.m2\repository\com\beust\jcommander\1.27\jcommander-1.27.jar;C:\Users\AlfredoNatividad\.m2\repository\com\googlecode\json-simple\json-simple\1.1.1\json-simple-1.1.1.jar;C:\Users\AlfredoNatividad\.m2\repository\io\cucumber\cucumber-java\7.11.0\cucumber-java-7.11.0.jar;C:\Users\AlfredoNatividad\.m2\repository\org\apiguardian\apiguardian-api\1.1.2\apiguardian-api-1.1.2.jar;C:\Users\AlfredoNatividad\.m2\repository\io\cucumber\cucumber-picocontainer\7.11.0\cucumber-picocontainer-7.11.0.jar;C:\Users\AlfredoNatividad\.m2\repository\org\picocontainer\picocontainer\2.15\picocontainer-2.15.jar;C:\Users\AlfredoNatividad\.m2\repository\io\cucumber\cucumber-core\7.11.0\cucumber-core-7.11.0.jar;C:\Users\AlfredoNatividad\.m2\repository\io\cucumber\cucumber-gherkin\7.11.0\cucumber-gherkin-7.11.0.jar;C:\Users\AlfredoNatividad\.m2\repository\io\cucumber\cucumber-gherkin-messages\7.11.0\cucumber-gherkin-messages-7.11.0.jar;C:\Users\AlfredoNatividad\.m2\repository\io\cucumber\messages\21.0.1\messages-21.0.1.jar;C:\Users\AlfredoNatividad\.m2\repository\io\cucumber\tag-expressions\5.0.1\tag-expressions-5.0.1.jar;C:\Users\AlfredoNatividad\.m2\repository\io\cucumber\cucumber-expressions\16.1.1\cucumber-expressions-16.1.1.jar;C:\Users\AlfredoNatividad\.m2\repository\io\cucumber\datatable\7.11.0\datatable-7.11.0.jar;C:\Users\AlfredoNatividad\.m2\repository\io\cucumber\cucumber-plugin\7.11.0\cucumber-plugin-7.11.0.jar;C:\Users\AlfredoNatividad\.m2\repository\io\cucumber\docstring\7.11.0\docstring-7.11.0.jar;C:\Users\AlfredoNatividad\.m2\repository\io\cucumber\html-formatter\20.2.1\html-formatter-20.2.1.jar;C:\Users\AlfredoNatividad\.m2\repository\io\cucumber\junit-xml-formatter\0.1.0\junit-xml-formatter-0.1.0.jar;C:\Users\AlfredoNatividad\.m2\repository\io\cucumber\ci-environment\9.1.0\ci-environment-9.1.0.jar;C:\Users\AlfredoNatividad\.m2\repository\io\cucumber\gherkin\26.0.3\gherkin-26.0.3.jar;C:\Users\AlfredoNatividad\.m2\repository\io\cucumber\cucumber-testng\7.11.0\cucumber-testng-7.11.0.jar;C:\Users\AlfredoNatividad\.m2\repository\tech\grasshopper\extentreports-cucumber7-adapter\1.9.2\extentreports-cucumber7-adapter-1.9.2.jar;C:\Users\AlfredoNatividad\.m2\repository\com\aventstack\extentreports\5.0.9\extentreports-5.0.9.jar;C:\Users\AlfredoNatividad\.m2\repository\io\reactivex\rxjava3\rxjava\3.0.4\rxjava-3.0.4.jar;C:\Users\AlfredoNatividad\.m2\repository\org\reactivestreams\reactive-streams\1.0.3\reactive-streams-1.0.3.jar;C:\Users\AlfredoNatividad\.m2\repository\org\freemarker\freemarker\2.3.30\freemarker-2.3.30.jar;C:\Users\AlfredoNatividad\.m2\repository\org\projectlombok\lombok\1.18.12\lombok-1.18.12.jar;C:\Users\AlfredoNatividad\.m2\repository\tech\grasshopper\extent-pdf-report\2.9.1\extent-pdf-report-2.9.1.jar;C:\Users\AlfredoNatividad\.m2\repository\tech\grasshopper\cucumber-pdf-report\2.11.1\cucumber-pdf-report-2.11.1.jar;C:\Users\AlfredoNatividad\.m2\repository\org\apache\pdfbox\pdfbox\2.0.26\pdfbox-2.0.26.jar;C:\Users\AlfredoNatividad\.m2\repository\org\apache\pdfbox\fontbox\2.0.26\fontbox-2.0.26.jar;C:\Users\AlfredoNatividad\.m2\repository\org\knowm\xchart\xchart\3.8.0\xchart-3.8.0.jar;C:\Users\AlfredoNatividad\.m2\repository\de\erichseifert\vectorgraphics2d\VectorGraphics2D\0.13\VectorGraphics2D-0.13.jar;C:\Users\AlfredoNatividad\.m2\repository\de\rototor\pdfbox\graphics2d\0.30\graphics2d-0.30.jar;C:\Users\AlfredoNatividad\.m2\repository\com\madgag\animated-gif-lib\1.4\animated-gif-lib-1.4.jar;C:\Users\AlfredoNatividad\.m2\repository\tech\grasshopper\table-layout\1.5.1\table-layout-1.5.1.jar;C:\Users\AlfredoNatividad\.m2\repository\tech\grasshopper\rest-assured-cucumber-pdf-report\1.4.1\rest-assured-cucumber-pdf-report-1.4.1.jar;C:\Users\AlfredoNatividad\.m2\repository\org\jsoup\jsoup\1.15.3\jsoup-1.15.3.jar;C:\Users\AlfredoNatividad\.m2\repository\com\aventstack\klov-reporter\5.0.9\klov-reporter-5.0.9.jar;C:\Users\AlfredoNatividad\.m2\repository\org\mongodb\mongodb-driver\3.6.4\mongodb-driver-3.6.4.jar;C:\Users\AlfredoNatividad\.m2\repository\org\mongodb\mongodb-driver-core\3.6.4\mongodb-driver-core-3.6.4.jar;C:\Users\AlfredoNatividad\.m2\repository\org\mongodb\bson\3.6.4\bson-3.6.4.jar;C:\Users\AlfredoNatividad\.m2\repository\tech\grasshopper\htmlextentreporter\1.0.1\htmlextentreporter-1.0.1.jar;C:\Users\AlfredoNatividad\.m2\repository\org\yaml\snakeyaml\1.27\snakeyaml-1.27.jar;C:\Users\AlfredoNatividad\.m2\repository\io\rest-assured\rest-assured\5.3.0\rest-assured-5.3.0.jar;C:\Users\AlfredoNatividad\.m2\repository\org\apache\groovy\groovy\4.0.6\groovy-4.0.6.jar;C:\Users\AlfredoNatividad\.m2\repository\org\apache\groovy\groovy-xml\4.0.6\groovy-xml-4.0.6.jar;C:\Users\AlfredoNatividad\.m2\repository\org\apache\httpcomponents\httpmime\4.5.13\httpmime-4.5.13.jar;C:\Users\AlfredoNatividad\.m2\repository\org\hamcrest\hamcrest\2.1\hamcrest-2.1.jar;C:\Users\AlfredoNatividad\.m2\repository\org\ccil\cowan\tagsoup\tagsoup\1.2.1\tagsoup-1.2.1.jar;C:\Users\AlfredoNatividad\.m2\repository\io\rest-assured\json-path\5.3.0\json-path-5.3.0.jar;C:\Users\AlfredoNatividad\.m2\repository\org\apache\groovy\groovy-json\4.0.6\groovy-json-4.0.6.jar;C:\Users\AlfredoNatividad\.m2\repository\io\rest-assured\rest-assured-common\5.3.0\rest-assured-common-5.3.0.jar;C:\Users\AlfredoNatividad\.m2\repository\io\rest-assured\xml-path\5.3.0\xml-path-5.3.0.jar;C:\Users\AlfredoNatividad\.m2\repository\org\seleniumhq\selenium\selenium-firefox-driver\3.141.59\selenium-firefox-driver-3.141.59.jar;C:\Users\AlfredoNatividad\.m2\repository\org\seleniumhq\selenium\selenium-remote-driver\3.141.59\selenium-remote-driver-3.141.59.jar;C:\Users\AlfredoNatividad\.m2\repository\net\bytebuddy\byte-buddy\1.8.15\byte-buddy-1.8.15.jar;C:\Users\AlfredoNatividad\.m2\repository\org\apache\commons\commons-exec\1.3\commons-exec-1.3.jar;C:\Users\AlfredoNatividad\.m2\repository\com\google\guava\guava\25.0-jre\guava-25.0-jre.jar;C:\Users\AlfredoNatividad\.m2\repository\com\google\code\findbugs\jsr305\1.3.9\jsr305-1.3.9.jar;C:\Users\AlfredoNatividad\.m2\repository\org\checkerframework\checker-compat-qual\2.0.0\checker-compat-qual-2.0.0.jar;C:\Users\AlfredoNatividad\.m2\repository\com\google\errorprone\error_prone_annotations\2.1.3\error_prone_annotations-2.1.3.jar;C:\Users\AlfredoNatividad\.m2\repository\com\google\j2objc\j2objc-annotations\1.1\j2objc-annotations-1.1.jar;C:\Users\AlfredoNatividad\.m2\repository\org\codehaus\mojo\animal-sniffer-annotations\1.14\animal-sniffer-annotations-1.14.jar;C:\Users\AlfredoNatividad\.m2\repository\com\squareup\okhttp3\okhttp\3.11.0\okhttp-3.11.0.jar;C:\Users\AlfredoNatividad\.m2\repository\com\squareup\okio\okio\1.14.0\okio-1.14.0.jar;C:\Users\AlfredoNatividad\.m2\repository\org\seleniumhq\selenium\selenium-java\3.141.59\selenium-java-3.141.59.jar;C:\Users\AlfredoNatividad\.m2\repository\org\seleniumhq\selenium\selenium-chrome-driver\3.141.59\selenium-chrome-driver-3.141.59.jar;C:\Users\AlfredoNatividad\.m2\repository\org\seleniumhq\selenium\selenium-edge-driver\3.141.59\selenium-edge-driver-3.141.59.jar;C:\Users\AlfredoNatividad\.m2\repository\org\seleniumhq\selenium\selenium-ie-driver\3.141.59\selenium-ie-driver-3.141.59.jar;C:\Users\AlfredoNatividad\.m2\repository\org\seleniumhq\selenium\selenium-opera-driver\3.141.59\selenium-opera-driver-3.141.59.jar;C:\Users\AlfredoNatividad\.m2\repository\org\seleniumhq\selenium\selenium-safari-driver\3.141.59\selenium-safari-driver-3.141.59.jar;C:\Users\AlfredoNatividad\.m2\repository\com\mysql\mysql-connector-j\8.0.32\mysql-connector-j-8.0.32.jar;C:\Users\AlfredoNatividad\.m2\repository\com\microsoft\sqlserver\mssql-jdbc\12.2.0.jre11\mssql-jdbc-12.2.0.jre11.jar;C:\Users\AlfredoNatividad\.m2\repository\org\apache\maven\surefire\surefire-testng-utils\2.21.0\surefire-testng-utils-2.21.0.jar;C:\Users\AlfredoNatividad\.m2\repository\org\apache\maven\surefire\surefire-grouper\2.21.0\surefire-grouper-2.21.0.jar;"/>
    <property name="sun.cpu.endian" value="little"/>
    <property name="user.home" value="C:\Users\AlfredoNatividad"/>
    <property name="user.language" value="en"/>
    <property name="java.specification.vendor" value="Oracle Corporation"/>
    <property name="java.version.date" value="2022-08-18"/>
    <property name="java.home" value="C:\Program Files\Java\jdk-11.0.16.1"/>
    <property name="file.separator" value="\"/>
    <property name="basedir" value="C:\Alfredo\PQA\Platorun\Platorun-Java-V1.0"/>
    <property name="java.vm.compressedOopsMode" value="Zero based"/>
    <property name="line.separator" value="&#10;"/>
    <property name="java.specification.name" value="Java Platform API Specification"/>
    <property name="java.vm.specification.vendor" value="Oracle Corporation"/>
    <property name="java.awt.graphicsenv" value="sun.awt.Win32GraphicsEnvironment"/>
    <property name="user.script" value=""/>
    <property name="sun.management.compiler" value="HotSpot 64-Bit Tiered Compilers"/>
    <property name="java.runtime.version" value="11.0.16.1+1-LTS-1"/>
    <property name="user.name" value="AlfredoNatividad"/>
    <property name="path.separator" value=";"/>
    <property name="os.version" value="10.0"/>
    <property name="java.runtime.name" value="Java(TM) SE Runtime Environment"/>
    <property name="file.encoding" value="Cp1252"/>
    <property name="java.vm.name" value="Java HotSpot(TM) 64-Bit Server VM"/>
    <property name="java.vendor.version" value="18.9"/>
    <property name="localRepository" value="C:\Users\AlfredoNatividad\.m2\repository"/>
    <property name="java.vendor.url.bug" value="https://bugreport.java.com/bugreport/"/>
    <property name="java.io.tmpdir" value="C:\Users\ALFRED~1\AppData\Local\Temp\"/>
    <property name="java.version" value="11.0.16.1"/>
    <property name="user.dir" value="C:\Alfredo\PQA\Platorun\Platorun-Java-V1.0"/>
    <property name="os.arch" value="amd64"/>
    <property name="java.vm.specification.name" value="Java Virtual Machine Specification"/>
    <property name="java.awt.printerjob" value="sun.awt.windows.WPrinterJob"/>
    <property name="sun.os.patch.level" value=""/>
    <property name="java.library.path" value="C:\Program Files\Java\jdk-11.0.16.1\bin;C:\WINDOWS\Sun\Java\bin;C:\WINDOWS\system32;C:\WINDOWS;C:\Program Files (x86)\TRICENTIS\Tosca Testsuite\ToscaCommander;;C:\Program Files\Common Files\Oracle\Java\javapath;C:\Program Files (x86)\Common Files\Oracle\Java\javapath;C:\WINDOWS\system32;C:\WINDOWS;C:\WINDOWS\System32\Wbem;C:\WINDOWS\System32\WindowsPowerShell\v1.0\;C:\WINDOWS\System32\OpenSSH\;C:\Program Files\Microsoft SQL Server\150\Tools\Binn\;C:\Program Files\Microsoft SQL Server\Client SDK\ODBC\170\Tools\Binn\;C:\Program Files\dotnet\;C:\Program Files\nodejs\;C:\Alfredo\apache-maven-3.8.5\bin;C:\Program Files\Java\jre1.8.0_333\bin;C:\Users\AlfredoNatividad\AppData\Local\Android\Sdk\tools;C:\Users\AlfredoNatividad\AppData\Local\Android\Sdk\platform-tools;C:\Program Files\Java\jdk-11.0.16.1\bin;C:\Program Files (x86)\Microsoft SQL Server\150\Tools\Binn\;C:\Program Files\Microsoft SQL Server\150\DTS\Binn\;C:\Program Files\Azure Data Studio\bin;C:\Program Files (x86)\Windows Kits\10\Windows Performance Toolkit\;C:\Program Files\Git\cmd;C:\Program Files (x86)\Microsoft SQL Server\150\DTS\Binn\;C:\Alfredo\BrowserDrivers;C:\Program Files\Microsoft SQL Server\130\Tools\Binn\;C:\Program Files\MySQL\MySQL Shell 8.0\bin\;C:\Users\AlfredoNatividad\AppData\Local\Microsoft\WindowsApps;C:\scrcpy;C:\Users\AlfredoNatividad\AppData\Roaming\npm;C:\Users\AlfredoNatividad\AppData\Local\Programs\Microsoft VS Code\bin;C:\Users\AlfredoNatividad\AppData\Local\GitHubDesktop\bin;C:\Alfredo\BrowserDrivers;C:\Program Files\TestProject Agent;C:\Program Files\Azure Data Studio\bin;C:\Program Files\JetBrains\IntelliJ IDEA Community Edition 2022.2.4\bin;;C:\Users\AlfredoNatividad\AppData\Local\ffmpegio\ffmpeg-downloader\ffmpeg\bin;C:\Users\AlfredoNatividad\AppData\Local\Programs\Python\Python310\;C:\Users\AlfredoNatividad\AppData\Local\Programs\Python\Python310\Scripts\;C:\Users\AlfredoNatividad\AppData\Local\Programs\Python\Python310\Site-Packages\;C:\Program Files\Tricentis\Mobile Agent;C:\Users\AlfredoNatividad\.dotnet\tools;C:\Users\AlfredoNatividad\.dotnet\tools;C:\Program Files\New Relic\New Relic CLI\;."/>
    <property name="java.vendor" value="Oracle Corporation"/>
    <property name="java.vm.info" value="mixed mode"/>
    <property name="java.vm.version" value="11.0.16.1+1-LTS-1"/>
    <property name="sun.io.unicode.encoding" value="UnicodeLittle"/>
    <property name="java.class.version" value="55.0"/>
  </properties>
  <testcase name="runScenario" classname="runner.AllFeaturesRunner" time="1.421"/>
  <testcase name="runScenario" classname="runner.AllFeaturesRunner" time="0.209">
    <failure message="expected [1] but found [0]" type="java.lang.AssertionError">java.lang.AssertionError: expected [1] but found [0]
</failure>
    <system-out><![CDATA[
@RestAPITesting @device_Windows @author_Tester1
Scenario Outline: Weather By City                                           &amp#27;[90m# src/test/resources/features/CityWeatherAPI.feature:12&amp#27;[0m
  &amp#27;[32mGiven &amp#27;[0m&amp#27;[32mI need to know the weather of a specific City&amp#27;[0m                       &amp#27;[90m# steps.CityWeatherAPISteps.iNeedToKnowTheWeatherOfASpecificCity()&amp#27;[0m
  &amp#27;[32mWhen &amp#27;[0m&amp#27;[32mI enter &amp#27;[0m&amp#27;[32m&amp#27;[1m"Sault Ste. Marie"&amp#27;[0m&amp#27;[32m as the City&amp#27;[0m                               &amp#27;[90m# steps.CityWeatherAPISteps.iEnterWorldCityAsTheCity(java.lang.String)&amp#27;[0m
GET Response Code :: 502
  &amp#27;[31mThen &amp#27;[0m&amp#27;[31mThe API should provide me the current temperature in Degrees Celcius&amp#27;[0m &amp#27;[90m# steps.CityWeatherAPISteps.theAPIShouldProvideMeTheCurrentTemperatureInDegreesCelcius()&amp#27;[0m
      &amp#27;[31mjava.lang.AssertionError: expected [1] but found [0]
	at org.testng.Assert.fail(Assert.java:94)
	at org.testng.Assert.failNotEquals(Assert.java:494)
	at org.testng.Assert.assertEquals(Assert.java:123)
	at org.testng.Assert.assertEquals(Assert.java:176)
	at org.testng.Assert.assertEquals(Assert.java:186)
	at steps.CityWeatherAPISteps.theAPIShouldProvideMeTheCurrentTemperatureInDegreesCelcius(CityWeatherAPISteps.java:59)
	at âœ½.The API should provide me the current temperature in Degrees Celcius(file:///C:/Alfredo/PQA/Platorun/Platorun-Java-V1.0/src/test/resources/features/CityWeatherAPI.feature:7)
&amp#27;[0m
]]></system-out>
  </testcase>
  <testcase name="runScenario" classname="runner.AllFeaturesRunner" time="2.169"/>
  <testcase name="runScenario" classname="runner.AllFeaturesRunner" time="0.212"/>
  <testcase name="runScenario" classname="runner.AllFeaturesRunner" time="0.175"/>
  <testcase name="runScenario" classname="runner.AllFeaturesRunner" time="61.185"/>
  <testcase name="runScenario" classname="runner.AllFeaturesRunner" time="1.623"/>
  <testcase name="runScenario" classname="runner.AllFeaturesRunner" time="1.045"/>
  <testcase name="runScenario" classname="runner.AllFeaturesRunner" time="1.04"/>
  <testcase name="runScenario" classname="runner.AllFeaturesRunner" time="1.036"/>
  <testcase name="runScenario" classname="runner.AllFeaturesRunner" time="11.059">
    <failure message="expected:&lt;T[hank you for your order!]&gt; but was:&lt;T[HANK YOU FOR YOUR ORDER 2]&gt;" type="junit.framework.ComparisonFailure"><![CDATA[junit.framework.ComparisonFailure: expected:<T[hank you for your order!]> but was:<T[HANK YOU FOR YOUR ORDER 2]>
]]></failure>
    <system-out><![CDATA[
@SeleniumWebTesting @device_Chrome @author_Tester1
Scenario Outline: Chrome Online Shopping                                                     &amp#27;[90m# src/test/resources/features/OnlineShopping.feature:16&amp#27;[0m
  &amp#27;[32mGiven &amp#27;[0m&amp#27;[32mI want to purchase items online using Google Chrome&amp#27;[0m                                  &amp#27;[90m# steps.OnlineShoppingSteps.iWantToPurchaseItemsOnlineUsingGoogleChrome()&amp#27;[0m
  &amp#27;[32mAnd &amp#27;[0m&amp#27;[32mI login with my &amp#27;[0m&amp#27;[32m&amp#27;[1m"standard_user"&amp#27;[0m&amp#27;[32m and &amp#27;[0m&amp#27;[32m&amp#27;[1m"secret_sauce"&amp#27;[0m&amp#27;[32m credentials&amp#27;[0m                         &amp#27;[90m# steps.OnlineShoppingSteps.iLoginWithMyUsernameAndPasswordCredentials(java.lang.String,java.lang.String)&amp#27;[0m
  &amp#27;[32mAnd &amp#27;[0m&amp#27;[32mI add &amp#27;[0m&amp#27;[32m&amp#27;[1m"Sauce Labs Bike Light"&amp#27;[0m&amp#27;[32m to my cart&amp#27;[0m                                               &amp#27;[90m# steps.OnlineShoppingSteps.iAddTheItemToMyCart(java.lang.String)&amp#27;[0m
  &amp#27;[32mAnd &amp#27;[0m&amp#27;[32mI checkout and fill in my &amp#27;[0m&amp#27;[32m&amp#27;[1m"Johnny"&amp#27;[0m&amp#27;[32m, &amp#27;[0m&amp#27;[32m&amp#27;[1m"Bravo"&amp#27;[0m&amp#27;[32m, &amp#27;[0m&amp#27;[32m&amp#27;[1m"90210"&amp#27;[0m&amp#27;[32m shipping details&amp#27;[0m                  &amp#27;[90m# steps.OnlineShoppingSteps.iCheckoutAndFillInMyShippingDetails(java.lang.String,java.lang.String,java.lang.String)&amp#27;[0m
  &amp#27;[32mWhen &amp#27;[0m&amp#27;[32mI continue and click Finish&amp#27;[0m                                                           &amp#27;[90m# steps.OnlineShoppingSteps.iContinueAndClickFinish()&amp#27;[0m
  &amp#27;[31mThen &amp#27;[0m&amp#27;[31mA confirmation message &amp#27;[0m&amp#27;[31m&amp#27;[1m"THANK YOU FOR YOUR ORDER 2"&amp#27;[0m&amp#27;[31m should be displayed on the screen&amp#27;[0m &amp#27;[90m# steps.OnlineShoppingSteps.aConfirmationMessageShouldBeDisplayedOnTheScreen(java.lang.String)&amp#27;[0m
      &amp#27;[31mjunit.framework.ComparisonFailure: expected:<T[hank you for your order!]> but was:<T[HANK YOU FOR YOUR ORDER 2]>
	at junit.framework.Assert.assertEquals(Assert.java:85)
	at junit.framework.Assert.assertEquals(Assert.java:91)
	at pageObjects.OnlineShoppingAppPage.verifyConfirmationMessage(OnlineShoppingAppPage.java:42)
	at steps.OnlineShoppingSteps.aConfirmationMessageShouldBeDisplayedOnTheScreen(OnlineShoppingSteps.java:34)
	at âœ½.A confirmation message "THANK YOU FOR YOUR ORDER 2" should be displayed on the screen(file:///C:/Alfredo/PQA/Platorun/Platorun-Java-V1.0/src/test/resources/features/OnlineShopping.feature:12)
&amp#27;[0m

    Embedding Chrome Online Shopping [image/png 55867 bytes]

]]></system-out>
    <system-err><![CDATA[Starting ChromeDriver 119.0.6045.105 (38c72552c5e15ba9b3117c0967a0fd105072d7c6-refs/branch-heads/6045@{#1103}) on port 45558
Only local connections are allowed.
Please see https://chromedriver.chromium.org/security-considerations for suggestions on keeping ChromeDriver safe.
ChromeDriver was started successfully.
[1701982504.442][WARNING]: This version of ChromeDriver has not been tested with Chrome version 120.
Dec. 07, 2023 3:55:04 P.M. org.openqa.selenium.remote.ProtocolHandshake createSession
INFO: Detected dialect: W3C
]]></system-err>
  </testcase>
  <testcase name="runScenario" classname="runner.AllFeaturesRunner" time="14.365"/>
  <testcase name="runScenario" classname="runner.AllFeaturesRunner" time="1.328"/>
  <testcase name="runScenario" classname="runner.AllFeaturesRunner" time="1.04"/>
  <testcase name="runScenario" classname="runner.AllFeaturesRunner" time="1.034"/>
  <testcase name="runScenario" classname="runner.AllFeaturesRunner" time="1.042"/>
  <testcase name="runScenario" classname="runner.AllFeaturesRunner" time="37.191"/>
</testsuite>